         w __deregister_frame_info
         w __register_frame_info
         w __syscall_lock_close_recursive
         w userAppExit
         w userAppInit
00000000 00000802 B __ctru_dev_utf16_buf
00000000 b _TLS_MODULE_BASE_
00000000 a shift
00000000 a shift
00000804 00000401 B __ctru_dev_path_buf
00100000 A __start__
00100000 T _start
00100008 T __service_ptr
0010000c T __apt_appid
00100010 T __heap_size
00100014 T __linear_heap_size
00100018 T __system_arglist
0010001c T __system_runflags
00100020 t startup
00100058 t ClearMem
0010006c t ClrLoop
00100094 T _init
001000ac 00000010 T clrScreen
001000bc 00000030 T setPixel
001000ec 00000070 T drawRectangle
0010015c 0000006c T resetOptions
001001c8 00000098 T resetGame
00100260 00000068 T loadHighScore
001002c8 00000058 T saveHighScore
00100320 00000050 T touchControl
00100370 T __aeabi_idiv
00100370 00000220 T __divsi3
00100378 t .divsi3_skip_div0_test
00100590 00000020 T __aeabi_idivmod
001005b0 00000004 W __aeabi_idiv0
001005b0 00000004 W __aeabi_ldiv0
001005b4 T __aeabi_ldivmod
00100688 T __aeabi_uldivmod
001006e8 00000390 T strcmp
00100a70 t .udivsi3_skip_div0_test
00100a70 T __aeabi_uidiv
00100a70 000001ec T __udivsi3
00100c5c 00000020 T __aeabi_uidivmod
00100c7c T __aeabi_drsub
00100c84 000002b0 T __aeabi_dsub
00100c84 000002b0 T __subdf3
00100c88 000002ac T __adddf3
00100c88 000002ac T __aeabi_dadd
00100f34 00000024 T __aeabi_ui2d
00100f34 00000024 T __floatunsidf
00100f58 00000028 T __aeabi_i2d
00100f58 00000028 T __floatsidf
00100f80 00000048 T __aeabi_f2d
00100f80 00000048 T __extendsfdf2
00100fc8 00000074 T __aeabi_ul2d
00100fc8 00000074 T __floatundidf
00100fdc 00000060 T __aeabi_l2d
00100fdc 00000060 T __floatdidf
0010103c t __do_global_dtors_aux
0010107c t frame_dummy
001010a8 0000106c T main
00102114 00000054 T osGetTimeRef
00102168 000000ec T osGetTime
00102254 00000034 T __ctru_speedup_config
00102288 000001e8 t parseColor
00102470 000001ac T consoleDrawChar
0010261c 00000124 T consolePrintChar
00102740 00000b94 T con_write
001032d4 000000fc t newRow
001033d0 00000168 T consoleInit
00103538 000000d0 t gfxPresentFramebuffer
00103608 0000001c T gfxIsWide
00103624 000000ec T gfxSetScreenFormat
00103710 00000010 T gfxSetDoubleBuffering
00103720 000000e0 T gfxInit
00103800 00000010 T gfxInitDefault
00103810 000000b4 T gfxExit
001038c4 000000a0 T gfxGetFramebuffer
00103964 00000104 T gfxFlushBuffers
00103a68 00000050 T gfxSwapBuffers
00103ab8 00000050 T gfxSwapBuffersGpu
00103b08 00000c58 t gspHardwareInit
00104760 00000248 T gspInit
001049a8 000000f0 T gspExit
00104a98 00000010 T gspHasGpuRight
00104aa8 000000a0 T gspPresentBuffer
00104b48 00000044 T gspWaitForEvent
00104b8c 00000004 W gxCmdQueueInterrupt
00104b90 00000158 t gspEventThreadMain
00104ce8 00000050 T GSPGPU_FlushDataCache
00104d38 00000034 T GSPGPU_SetLcdForceBlack
00104d6c 00000068 T GSPGPU_AcquireRight
00104dd4 00000048 T GSPGPU_ReleaseRight
00104e1c 0000007c T GSPGPU_ImportDisplayCaptureInfo
00104e98 0000002c T GSPGPU_SaveVramSysArea
00104ec4 0000002c T GSPGPU_RestoreVramSysArea
00104ef0 000001a4 t aptConvertScreenForCapture
00105094 00000008 W aptDspSleep
0010509c 00000004 W aptDspWakeup
001050a0 00000004 W aptDspCancel
001050a4 00000158 T aptSendCommand
00105200 00000044 t aptExitProcess
00105244 000002f4 T aptExit
00105538 000000e0 T aptHandleSleep
00105618 00000084 T APT_SleepIfShellClosed
0010569c 00000084 T aptSetSleepAllowed
00105720 00000084 T APT_UnlockTransition
001057a8 000004a4 t aptEventHandler
00105c4c 000000b0 T APT_ReceiveParameter
00105cfc 000000b0 t aptReceiveParameter.constprop.0
00105db0 000002ac t aptScreenTransfer
0010605c 00000344 t aptWaitForWakeUp.isra.0
001063a0 00000100 T aptJumpToHomeMenu
001064a0 00000048 T aptMainLoop
001064e8 0000022c T aptInit
00106714 0000007c T APT_CheckNew3DS
00106790 00000024 W hidShouldUseIrrst
001067b4 0000018c T hidInit
00106940 000000e8 T hidExit
00106a28 000002a4 T hidScanInput
00106ccc 00000010 T hidKeysDown
00106cdc 00000018 T hidTouchRead
00106cf4 00000074 T ptmSysmInit
00106d68 0000003c T ptmSysmExit
00106da4 00000034 T PTMSYSM_ConfigureNew3DSCPU
00106dd8 00000038 W __libctru_init
00106e10 00000170 W __system_initArgv
00106f80 T svcControlMemory
00106fa0 T svcQueryMemory
00106fd0 T svcExitProcess
00106fd8 T svcCreateThread
00106ff8 T svcExitThread
00107000 T svcSleepThread
00107008 T svcReleaseMutex
00107010 T svcCreateEvent
00107024 T svcSignalEvent
0010702c T svcClearEvent
00107034 T svcMapMemoryBlock
0010703c T svcUnmapMemoryBlock
00107044 T svcCreateAddressArbiter
00107058 T svcArbitrateAddressNoTimeout
00107060 T svcCloseHandle
00107068 T svcWaitSynchronization
00107070 T svcWaitSynchronizationN
00107098 T svcDuplicateHandle
001070ac T svcGetSystemTick
001070b4 T svcConnectToPort
001070c8 T svcSendSyncRequest
001070d0 T svcGetResourceLimit
001070e4 T svcGetResourceLimitLimitValues
001070ec T svcGetResourceLimitCurrentValues
001070f4 T svcBreak
001070fc W initSystem
0010714c W __ctru_exit
00107164 00000024 t addrMapNodeComparator(rbtree_node const*, rbtree_node const*)
00107188 00000004 t addrMapNodeDestructor(rbtree_node*)
0010718c 00000250 T vramMemAlignAt
001073dc 0000000c T vramAlloc
001073e8 00000090 T vramFree
00107478 00000024 t addrMapNodeComparator(rbtree_node const*, rbtree_node const*)
0010749c 00000004 t addrMapNodeDestructor(rbtree_node*)
001074a0 00000120 T linearMemAlign
001075c0 00000008 T linearAlloc
001075c8 0000005c T linearFree
00107624 00000080 T MemPool::CoalesceRight(MemBlock*)
001076a4 0000016c T MemPool::Allocate(MemChunk&, unsigned long, int)
00107810 000000fc T MemPool::Deallocate(MemChunk const&)
0010790c 00000030 T MemPool::GetFreeSpace()
0010793c 0000000c T __sync_init
00107948 00000018 T __sync_fini
00107960 0000002c T syncArbitrateAddress
0010798c 000000b0 T LightLock_Lock
00107a3c 00000040 T LightLock_Unlock
00107a7c 00000024 T RecursiveLock_Init
00107aa0 00000030 T RecursiveLock_Lock
00107ad0 00000054 T RecursiveLock_Unlock
00107b24 00000040 T LightEvent_Init
00107b64 000000a4 T LightEvent_Clear
00107c08 000000c8 T LightEvent_Signal
00107cd0 00000050 T LightEvent_TryWait
00107d20 000000b0 T LightEvent_Wait
00107dd0 00000130 T srvInit
00107f00 00000058 T srvExit
00107f58 000000a0 T srvGetServiceHandleDirect
00107ff8 00000038 T srvGetServiceHandle
00108030 00000038 T srvPublishToSubscriber
00108068 00000178 T threadCreate
001081e0 0000002c T threadFree
0010820c 00000024 T threadJoin
00108230 00000030 T threadGetCurrent
00108260 00000040 T threadExit
001082a0 00000020 t _thread_begin
001082c0 000000b4 t mappableFindAddressWithin
00108374 00000028 T mappableInit
0010839c 00000080 T mappableAlloc
0010841c 00000004 T mappableFree
00108420 00000164 T irrstInit
00108584 000000cc T irrstExit
00108650 000000b4 T irrstScanInput
00108704 00000024 T irrstKeysHeld
00108728 0000000c T srvPmGetSessionHandle
00108734 00000010 T rbtree_init
00108744 000001b4 t do_insert
001088f8 00000008 T rbtree_insert
00108900 00000090 T rbtree_rotate
00108990 00000318 T rbtree_remove
00108ca8 00000074 T rbtree_find
00108d1c 00000030 W __appInit
00108d4c 00000030 T __syscall_getreent
00108d7c 00000004 T __syscall_lock_acquire
00108d80 00000004 T __syscall_lock_release
00108d84 00000004 T __syscall_lock_init_recursive
00108d88 00000004 T __syscall_lock_acquire_recursive
00108d8c 00000004 T __syscall_lock_release_recursive
00108d90 00000004 T __syscall_exit
00108d94 00000050 T initThreadVars
00108de4 00000068 T __system_initSyscalls
00108e50 000001e0 W __system_allocateHeaps
00109030 00000030 W __appExit
00109060 00000090 W __libctru_exit
001090f0 00000084 W envGetHandle
00109174 00000050 W envDestroyHandles
001091c4 00000014 t archive_link
001091d8 00000014 t archive_dirreset
001091ec 00000014 t archive_chmod
00109200 00000024 t error_cmp
00109224 00000050 t archive_translate_error
00109274 000000c8 t archive_seek
0010933c 0000007c t _archiveInit.part.0
001093b8 000000c4 t archiveFindDevice.part.0
0010947c 0000025c t archive_utf16path
001096d8 000000a0 t _archiveUnmountDeviceStruct.part.0
00109778 00000014 t archive_fchmod
0010978c 00000014 t archive_statvfs
001097a0 00000164 t _archiveMountDevice
00109904 000000e8 t archive_diropen
001099ec 000000a4 t archive_fstat
00109a90 0000006c t archive_close
00109afc 0000006c t archive_fsync
00109b68 00000070 t archive_dirclose
00109bd8 000000e8 t sdmc_statvfs
00109cc0 000000ec t archive_chdir
00109dac 0000007c t archive_ftruncate
00109e28 000000ac t archive_read
00109ed4 000000a4 t archive_unlink
00109f78 000000bc t archive_rmdir
0010a034 000000dc t archive_mkdir
0010a110 0000019c t archive_stat
0010a2ac 0000015c t archive_dirnext
0010a408 000000ec t archive_write
0010a4f4 000001d4 t archive_open
0010a6c8 00000278 t archive_rename
0010a940 0000019c T archiveMountSdmc
0010aadc 00000054 T archiveUnmountAll
0010ab30 000000cc T fsInit
0010abfc 0000003c T fsExit
0010ac38 00000060 T fsExemptFromSession
0010ac98 00000050 T fsUnexemptFromSession
0010ace8 000000cc T FSUSER_OpenFile
0010adb4 000000bc T FSUSER_DeleteFile
0010ae70 000000f8 T FSUSER_RenameFile
0010af68 000000bc T FSUSER_DeleteDirectory
0010b024 000000d4 T FSUSER_CreateFile
0010b0f8 000000c4 T FSUSER_CreateDirectory
0010b1bc 000000f8 T FSUSER_RenameDirectory
0010b2b4 000000b4 T FSUSER_OpenDirectory
0010b368 00000098 T FSUSER_OpenArchive
0010b400 0000008c T FSUSER_CloseArchive
0010b48c 00000074 T FSUSER_GetSdmcArchiveResource
0010b500 00000064 T FSUSER_IsSdmcWritable
0010b564 00000058 T FSFILE_Read
0010b5bc 00000060 T FSFILE_Write
0010b61c 0000003c T FSFILE_GetSize
0010b658 00000028 T FSFILE_SetSize
0010b680 0000003c T FSFILE_Close
0010b6bc 00000024 T FSFILE_Flush
0010b6e0 00000050 T FSDIR_Read
0010b730 0000003c T FSDIR_Close
0010b76c 0000005c T rbtree_node_next
0010b7c8 000000e8 T utf16_to_utf8
0010b8b0 00000064 T decode_utf16
0010b914 0000013c T decode_utf8
0010ba50 000000c0 T utf8_to_utf16
0010bb10 T __aeabi_read_tp
0010bb1c 00000054 T encode_utf16
0010bb70 000000e0 T encode_utf8
0010bc50 00000120 T __udivmoddi4
0010bd70 00000078 T bsearch
0010bde8 0000000c T __errno
0010bdf4 00000034 T exit
0010be28 0000015c T _fclose_r
0010bf84 00000018 T fclose
0010bf9c 00000234 T __sflush_r
0010c1d0 00000094 T _fflush_r
0010c264 00000038 T fflush
0010c29c 0000000c T _cleanup_r
0010c2a8 00000184 T __sinit
0010c42c 00000134 T __sfp
0010c560 0000000c T __sfp_lock_acquire
0010c56c 0000000c T __sfp_lock_release
0010c578 0000003c T __libc_fini_array
0010c5b4 00000134 T _fopen_r
0010c6e8 00000020 T fopen
0010c708 000002d0 T _fread_r
0010c9d8 00000038 T fread
0010ca10 000000f8 T _malloc_trim_r
0010cb08 000002e8 T _free_r
0010cdf0 0000001c T _fseek_r
0010ce0c 00000590 T _fseeko_r
0010d39c 00000068 T _fwalk
0010d404 00000070 T _fwalk_reent
0010d474 000000f0 T _fwrite_r
0010d564 00000038 T fwrite
0010d59c 00000084 T __libc_init_array
0010d620 00000138 T __smakebuf_r
0010d758 0000008c T __swhatbuf_r
0010d7e4 00000020 T memalign
0010d804 0000014c T _memalign_r
0010d950 00000018 T malloc
0010d968 00000018 T free
0010d980 000007e4 T _malloc_r
0010e164 000000e4 T memchr
0010e248 00000118 T memcpy
0010e360 000000f4 T memset
0010e454 0000000c T __malloc_lock
0010e460 0000000c T __malloc_unlock
0010e46c 00000034 T printf
0010e4a0 0000001c T srand
0010e4bc 00000044 T rand
0010e500 0000001c t lflush
0010e51c 00000198 T __srefill_r
0010e6b4 0000025c T setvbuf
0010e910 00000074 T sscanf
0010e984 00000044 T __sread
0010e9c8 00000008 T __seofread
0010e9d0 00000068 T __swrite
0010ea38 00000044 T __sseek
0010ea7c 00000008 T __sclose
0010ea84 0000005c T strlen
0010eae0 000000e4 T strncat
0010ebc4 000000e4 T strncmp
0010eca8 000000c4 T strncpy
0010ed6c 00000048 T strnlen
0010edb4 000001c4 t _strtoul_l.constprop.0
0010ef78 00000004 T _strtoul_r
0010ef7c 00000028 T strtoul
0010efa4 00000050 t get_arg
0010eff4 00002c38 T __ssvfscanf_r
00111c2c 0000066c t get_arg
00112298 0000339c T _vfprintf_r
00115634 000000d0 t __sbprintf
00115704 00000054 T _wcrtomb_r
00115758 00000028 T _wcsrtombs_r
00115780 0000013c T __swsetup_r
001158bc 00000114 T __call_exitprocs
001159d0 000001b0 t quorem
00115b80 000011f8 T _dtoa_r
00116d78 000000c8 T __sflags
00116e40 000004b4 T __sfvwrite_r
001172f4 00000008 T iswspace
001172fc 0000000c T _localeconv_r
00117308 00000010 T __locale_mb_cur_max
00117318 00000068 T _mbrtowc_r
00117380 000002f8 T __utf8_mbtowc
00117678 00000150 T memmove
001177c8 00000088 T _Balloc
00117850 0000001c T _Bfree
0011786c 000000f4 T __multadd
00117960 00000110 T __s2b
00117a70 00000060 T __hi0bits
00117ad0 0000009c T __lo0bits
00117b6c 000000a8 T __i2b
00117c14 00000204 T __multiply
00117e18 00000124 T __pow5mult
00117f3c 00000140 T __lshift
0011807c 00000058 T __mcmp
001180d4 000001ec T __mdiff
001182c0 00000068 T __ulp
00118328 000000d0 T __b2d
001183f8 00000120 T __d2b
00118518 00000078 T __ratio
00118590 00000088 T __copybits
00118618 0000005c T __any_on
00118674 00000020 T realloc
00118694 000004a0 T _realloc_r
00118b34 000000f4 T __sccl
00118c28 0000000c T nanf
00118c38 00000088 T frexp
00118cc0 00000064 T sprintf
00118d24 000000cc T stpncpy
00118df0 00000130 T strchr
00118f20 00000064 t sulp
00118f88 000013a8 T _strtod_l
0011a330 0000000c T _strtod_r
0011a33c 0000022c t _strtoll_l.constprop.0
0011a568 00000004 T _strtoll_r
0011a56c 000001a4 t _strtol_l.part.0
0011a710 0000003c T _strtol_r
0011a74c 00000244 t _strtoull_l.constprop.0
0011a990 00000004 T _strtoull_r
0011a994 00000188 T __ssprint_r
0011ab1c 000000d4 T _sungetc_r
0011abf0 0000006c T __ssrefill_r
0011ac5c 000000c4 T _sfread_r
0011ad20 0000066c t get_arg
0011b390 00003334 T _svfprintf_r
0011e6c4 000000a8 T __submore
0011e76c 0000066c t get_arg
0011edd8 00000030 T __sprint_r
0011ee08 000022ec T _vfiprintf_r
001210f4 000000d0 t __sbprintf
001211c4 00000188 T _wcsnrtombs_l
0012134c 0000004c T _wcsnrtombs_r
00121398 000000f0 T __utf8_wctomb
00121488 0000005c T __assert_func
001214e4 000000c0 T _calloc_r
001215a4 0000003c T fiprintf
001215e0 000000f0 t rshift
001216d0 00000814 T __gethex
00121ee4 0000004c T __match
00121f30 0000029c T __hexnan
001221cc 0000003c T iswspace_l
00122208 000001d8 t __jp2uc
001223e0 0000009c T _jp2uc_l
00122480 00000010 T nan
00122490 00000014 T abort
001224a4 0000008c T category
00122530 00000090 T _raise_r
001225c0 00000018 T raise
001225d8 00000008 t null_write
001225e0 00000018 T setDefaultDevice
001225f8 000000c8 T FindDevice
001226c0 00000028 T RemoveDevice
001226e8 0000009c T AddDevice
00122784 00000020 T GetDeviceOpTab
001227a4 00000078 T _fstat_r
0012281c 00000014 T _getpid_r
00122830 00000008 T _isatty_r
00122838 00000014 T _kill_r
0012284c 00000084 T _lseek_r
001228d0 000000c0 T _open_r
00122990 00000080 T _read_r
00122a10 00000078 T _sbrk_r
00122a88 00000080 T _write_r
00122b08 00000020 T _exit
00122b28 000001a4 T _concatenate_path
00122ccc 00000140 T chdir
00122e0c 00000060 T mkdir
00122e6c 00000008 T __flockfile
00122e74 00000008 T __funlockfile
00122e7c 0000008c T __release_handle
00122f08 000000b0 T __alloc_handle
00122fb8 0000003c T __get_handle
00122ff4 000000f4 T _close_r
001230e8 0000002c T __getreent
00123114 0000001c T __libc_lock_acquire
00123130 0000001c T __libc_lock_release
0012314c 0000001c T __libc_lock_init_recursive
00123168 0000001c T __libc_lock_acquire_recursive
00123184 0000001c T __libc_lock_release_recursive
001231a0 0000001c T __libc_lock_close_recursive
001231bc 00000038 T __aeabi_d2lz
001231bc 00000038 T __fixdfdi
001231f8 00000040 T __aeabi_d2ulz
001231f8 00000040 T __fixunsdfdi
00123238 00000048 T strrchr
00123280 T _fini
00124430 00000070 r dotab_stdout
001244a0 00000018 r grayScale
001244b8 00000006 r colorCube
001244c0 00000030 r colorTable
00124514 00000008 r morton_y.2
0012451c 00000008 r morton_x.3
00124524 00000008 r s_sleepWakeEvents.4
0012455c R default_font_bin
00124d5c R default_font_bin_end
00124d80 00000030 r error_table
00124db8 00000070 r archive_devoptab
00124e30 00000004 R _global_impure_ptr
00124e3c 00000022 r basefix.0
00124e9c 00000010 r zeroes.0
00124eac 00000010 r blanks.1
00124ebc 00000101 R _ctype_
00124fd0 r .LC2
001250c0 0000000c r p05.0
001250d0 00000028 R __mprec_bigtens
001250f8 000000c8 R __mprec_tens
001251d0 00000014 r fpinan.0
001251e4 00000014 r fpi.1
001251f8 00000028 r tinytens
00125220 0000006c R __action_table
0012528c 0000006c R __state_table
001252f8 00000100 R __chclass
001253f8 00000010 r zeroes.0
00125408 00000010 r blanks.1
00125418 00000010 r zeroes.0
00125428 00000010 r blanks.1
001254c8 00000100 R __hexdig
001255dc 00001a7c r d02f4
00127058 0000172a r b02cf
00128784 00000040 r a8
001287c4 000000a2 r a7
00128868 00000070 r a6
001288d8 0000005b r a3
00128934 000000bc r a2
001289f0 000000bc r a1
00128aac 00003528 r categories
0012bfd4 00000070 R dotab_stdnull
0012c044 R __tdata_align
0012c048 r 
0012c048 R __exidx_end
0012c048 R __exidx_start
0012d000 00000001 d firstConsoleInit.0
0012d004 00000004 D currentConsole
0012d008 00000048 D defaultConsole
0012d050 00000004 d kCount
0012d054 00000004 d kInterval
0012d058 00000004 d kDelay
0012d05c W __stacksize__
0012d060 00000004 D _impure_ptr
0012d068 00000460 d impure_data
0012d4c8 00000004 D __malloc_sbrk_base
0012d4cc 00000004 D __malloc_trim_threshold
0012d4d0 00000408 D __malloc_av_
0012d8d8 0000016c D __global_locale
0012da44 0000008c D devoptab_list
0012dad0 00000004 d defaultDevice
0012dad4 00000400 d _current_working_directory
0012ded4 00001000 d handles
0012eed4 0000000c d __stderr_handle
0012eee0 0000000c d __stdout_handle
0012eeec 0000000c d __stdin_handle
0012ef00 d _GLOBAL_OFFSET_TABLE_
0012ef0c d __frame_dummy_init_array_entry
0012ef0c D __init_array_start
0012ef0c B __preinit_array_end
0012ef0c B __preinit_array_start
0012ef0c D __tdata_lma
0012ef0c D __tdata_lma_end
0012ef10 d __do_global_dtors_aux_fini_array_entry
0012ef10 D __fini_array_start
0012ef10 D __init_array_end
0012ef14 D __bss_start__
0012ef14 D __fini_array_end
0012ef14 00000001 B floorHeight
0012ef16 00000002 B flappyX
0012ef18 00000001 B pipeCount
0012ef1a 00000002 B spaceHorizontal
0012ef1c 00000001 B pipeSpace
0012ef1d 00000001 B pipeWidth
0012ef1e 00000001 B flappyPixelSize
0012ef1f 00000001 B power
0012ef20 00000001 B velDivider
0012ef21 00000001 B velChange
0012ef22 00000001 B speed
0012ef23 00000001 B isDefaultSettings
0012ef24 00000002 B vel
0012ef26 00000001 B altitude
0012ef28 00000002 B score
0012ef2a 00000001 B gState
0012ef2b 00000001 B isHighscored
0012ef2c 00000004 B i
0012ef30 00000001 B counter
0012ef34 00000018 B pipes
0012ef4c 00000001 B printed
0012ef4e 00000002 B scoreSpot
0012ef50 00000002 B highscore
0012ef54 00000004 B tPos
0012ef58 00000002 B oldPos
0012ef5c 00000004 B j
0012ef60 b completed.1
0012ef64 b object.0
0012ef7c 00000001 V __ctru_speedup
0012ef80 00000048 B currentCopy
0012efc8 00000004 b screenAlloc
0012efcc 00000004 b screenFree
0012efd0 00000002 b gfxIsDoubleBuf
0012efd4 00000002 b gfxCurBuf
0012efd6 00000001 b gfxIsVram
0012efd7 00000001 b gfxTopMode
0012efd8 00000002 b gfxFramebufferFormats
0012efdc 00000004 b gfxBottomFramebufferMaxSize
0012efe0 00000004 b gfxTopFramebufferMaxSize
0012efe8 00000008 b gfxBottomFramebuffers
0012eff0 00000008 b gfxTopFramebuffers
0012eff8 00000007 b gspEventCbOneShot
0012f000 0000001c b gspEventCbData
0012f01c 0000001c b gspEventCb
0012f038 00000038 b gspEvents
0012f070 00000004 b gspLastEvent
0012f074 00000001 b gspRunEvents
0012f078 00000004 b gspEventThread
0012f07c 00000004 b gspEvent
0012f080 00000001 b gspGpuRight
0012f081 00000001 b gspThreadId
0012f084 00000004 b gspSharedMem
0012f088 00000004 b gspSharedMemHandle
0012f08c 00000004 b gspRefCount
0012f090 00000004 b gspGpuHandle
0012f094 00000001 b flagValue.0
0012f095 00000001 b flagInit.1
0012f098 00000004 b serviceName.6
0012f09c 00000001 b aptChainloadMediatype
0012f0a0 00000008 b aptChainloadTid
0012f0a8 00000001 b aptChainloadFlags
0012f0ac 00001000 b aptParameters
001300ac 00000004 b aptFlags
001300b0 00000001 b aptHomeButtonState
001300b4 00000004 b aptMessageFuncData
001300b8 00000004 b aptMessageFunc
001300bc 0000000c b aptFirstHook
001300c8 00000001 b aptEventHandlerThreadQuit
001300cc 00000004 b aptEventHandlerThread
001300d0 00000008 b aptSleepEvent
001300d8 00000008 b aptReceiveEvent
001300e0 00000008 b aptEvents
001300e8 00000004 b aptLockHandle
001300ec 00000004 b aptRefCount
001300f0 00000001 b usingIrrst
001300f4 00000004 b hidRefCount
001300f8 00000006 b gRate
00130100 00000006 b aVec
00130108 00000004 b cPos
0013010c 00000004 b tPos
00130110 00000004 b kRepeat
00130114 00000004 b kUp
00130118 00000004 b kDown
0013011c 00000004 b kHeld
00130120 00000004 b kOld
00130124 00000004 B hidSharedMem
00130128 00000014 B hidEvents
0013013c 00000004 B hidMemHandle
00130140 00000004 B hidHandle
00130144 00000004 b ptmSysmRefCount
00130148 00000004 b ptmSysmHandle
0013014c 00000004 B __system_retAddr
00130150 00000004 B __system_argv
00130154 00000004 B __system_argc
00130158 b saved_stack
00130160 00000008 b sVramPoolB
00130168 00000008 b sVramPoolA
00130170 0000000c b sAddrMap
00130180 00000008 b sLinearPool
00130188 0000000c b sAddrMap
00130194 00000004 b arbiter
00130198 00000004 B __3dslink_host
0013019c 00000004 b srvRefCount
001301a0 00000004 b srvHandle
001301a4 00000004 b currentAddr
001301a8 00000004 b maxAddr
001301ac 00000004 b minAddr
001301b0 00000004 b irrstRefCount
001301b4 00000004 b csPos
001301b8 00000004 b kHeld
001301bc 00000004 B irrstSharedMem
001301c0 00000004 B irrstEvent
001301c4 00000004 B irrstMemHandle
001301c8 00000004 B irrstHandle
001301cc 00000004 b srvPmHandle
001301d0 00000004 V __ctru_linear_heap_size
001301d4 00000004 V __ctru_heap_size
001301d8 00000004 B __ctru_linear_heap
001301dc 00000004 B __ctru_heap
001301e0 00000540 b archive_devices
00130720 00000004 b archive_device_cwd
00130724 00000001 b archive_initialized
00130728 00000080 b fsExemptArchives
001307a8 00000004 b fsuRefCount
001307ac 00000004 b fsuHandle
001307b0 0000000c b __sinit_recursive_mutex
001307bc 0000000c b __sfp_recursive_mutex
001307c8 00000028 B __malloc_current_mallinfo
001307f0 00000004 B __malloc_max_total_mem
001307f4 00000004 B __malloc_max_sbrked_mem
001307f8 00000004 B __malloc_top_pad
001307fc 0000000c b __malloc_recursive_mutex
00130808 0000000c B __atexit_recursive_mutex
00130814 00000004 b heap_start.0
00130818 00000004 B fake_heap_start
0013081c 00000004 B fake_heap_end
00130820 00000400 b temp_cwd
00130c20 00000004 b __hndl_lock
00130c24 B __tls_start
0013182c B __bss_end__
0013182c A __end__
0013182c B __tls_end
